<?xml version="1.0" encoding="UTF-8"?>
<coverage generated="1681811539242" clover="3.2.0">
  <project timestamp="1681811539243" name="All files">
    <metrics statements="39" coveredstatements="27" conditionals="8" coveredconditionals="3" methods="18" coveredmethods="12" elements="65" coveredelements="42" complexity="0" loc="39" ncloc="39" packages="1" files="2" classes="2"/>
    <file name="BookedSlots.tsx" path="E:\React-Native\ParkingManagment\src\screens\BookedSlots.tsx">
      <metrics statements="30" coveredstatements="21" conditionals="8" coveredconditionals="3" methods="13" coveredmethods="9"/>
      <line num="22" count="3" type="stmt"/>
      <line num="23" count="3" type="stmt"/>
      <line num="28" count="3" type="stmt"/>
      <line num="29" count="3" type="stmt"/>
      <line num="30" count="3" type="stmt"/>
      <line num="31" count="3" type="stmt"/>
      <line num="37" count="3" type="stmt"/>
      <line num="43" count="3" type="stmt"/>
      <line num="46" count="3" type="stmt"/>
      <line num="53" count="4" type="stmt"/>
      <line num="65" count="1" type="stmt"/>
      <line num="72" count="3" type="stmt"/>
      <line num="73" count="1" type="stmt"/>
      <line num="74" count="1" type="cond" truecount="1" falsecount="1"/>
      <line num="75" count="1" type="stmt"/>
      <line num="81" count="0" type="stmt"/>
      <line num="83" count="1" type="stmt"/>
      <line num="88" count="3" type="stmt"/>
      <line num="89" count="0" type="stmt"/>
      <line num="92" count="3" type="stmt"/>
      <line num="93" count="0" type="stmt"/>
      <line num="94" count="0" type="stmt"/>
      <line num="95" count="0" type="cond" truecount="0" falsecount="2"/>
      <line num="96" count="0" type="stmt"/>
      <line num="102" count="0" type="stmt"/>
      <line num="104" count="0" type="stmt"/>
      <line num="108" count="0" type="stmt"/>
      <line num="113" count="7" type="stmt"/>
      <line num="119" count="4" type="stmt"/>
      <line num="131" count="1" type="stmt"/>
    </file>
    <file name="SlotsInput.tsx" path="E:\React-Native\ParkingManagment\src\screens\SlotsInput.tsx">
      <metrics statements="9" coveredstatements="6" conditionals="0" coveredconditionals="0" methods="5" coveredmethods="3"/>
      <line num="21" count="2" type="stmt"/>
      <line num="22" count="2" type="stmt"/>
      <line num="28" count="3" type="stmt"/>
      <line num="29" count="3" type="stmt"/>
      <line num="38" count="1" type="stmt"/>
      <line num="44" count="0" type="stmt"/>
      <line num="45" count="0" type="stmt"/>
      <line num="48" count="0" type="stmt"/>
      <line num="62" count="1" type="stmt"/>
    </file>
  </project>
</coverage>
