<?xml version="1.0" encoding="UTF-8"?>
<coverage generated="1681894729407" clover="3.2.0">
  <project timestamp="1681894729407" name="All files">
    <metrics statements="56" coveredstatements="38" conditionals="14" coveredconditionals="5" methods="20" coveredmethods="16" elements="90" coveredelements="59" complexity="0" loc="56" ncloc="56" packages="1" files="2" classes="2"/>
    <file name="BookedSlots.tsx" path="E:\React-Native\ParkingManagment\src\screens\BookedSlots.tsx">
      <metrics statements="49" coveredstatements="32" conditionals="14" coveredconditionals="5" methods="16" coveredmethods="13"/>
      <line num="31" count="5" type="stmt"/>
      <line num="32" count="5" type="stmt"/>
      <line num="38" count="5" type="stmt"/>
      <line num="39" count="5" type="stmt"/>
      <line num="40" count="5" type="stmt"/>
      <line num="41" count="5" type="stmt"/>
      <line num="48" count="5" type="stmt"/>
      <line num="54" count="5" type="stmt"/>
      <line num="57" count="5" type="stmt"/>
      <line num="64" count="7" type="stmt"/>
      <line num="76" count="1" type="stmt"/>
      <line num="86" count="5" type="stmt"/>
      <line num="87" count="1" type="stmt"/>
      <line num="88" count="1" type="cond" truecount="1" falsecount="1"/>
      <line num="89" count="1" type="stmt"/>
      <line num="96" count="0" type="stmt"/>
      <line num="98" count="1" type="stmt"/>
      <line num="102" count="1" type="stmt"/>
      <line num="107" count="5" type="stmt"/>
      <line num="108" count="1" type="stmt"/>
      <line num="109" count="1" type="stmt"/>
      <line num="110" count="1" type="stmt"/>
      <line num="111" count="1" type="stmt"/>
      <line num="112" count="1" type="cond" truecount="1" falsecount="1"/>
      <line num="113" count="0" type="stmt"/>
      <line num="114" count="0" type="stmt"/>
      <line num="116" count="1" type="stmt"/>
      <line num="122" count="5" type="stmt"/>
      <line num="123" count="0" type="stmt"/>
      <line num="127" count="5" type="stmt"/>
      <line num="128" count="0" type="stmt"/>
      <line num="129" count="0" type="stmt"/>
      <line num="130" count="0" type="stmt"/>
      <line num="131" count="0" type="stmt"/>
      <line num="132" count="0" type="cond" truecount="0" falsecount="2"/>
      <line num="133" count="0" type="stmt"/>
      <line num="135" count="0" type="stmt"/>
      <line num="136" count="0" type="stmt"/>
      <line num="137" count="0" type="cond" truecount="0" falsecount="2"/>
      <line num="138" count="0" type="stmt"/>
      <line num="145" count="0" type="stmt"/>
      <line num="147" count="0" type="stmt"/>
      <line num="154" count="12" type="stmt"/>
      <line num="163" count="1" type="stmt"/>
      <line num="170" count="7" type="stmt"/>
      <line num="176" count="1" type="cond" truecount="1" falsecount="1"/>
      <line num="177" count="1" type="stmt"/>
      <line num="179" count="0" type="stmt"/>
      <line num="190" count="1" type="stmt"/>
    </file>
    <file name="SlotsInput.tsx" path="E:\React-Native\ParkingManagment\src\screens\SlotsInput.tsx">
      <metrics statements="7" coveredstatements="6" conditionals="0" coveredconditionals="0" methods="4" coveredmethods="3"/>
      <line num="21" count="2" type="stmt"/>
      <line num="22" count="2" type="stmt"/>
      <line num="28" count="3" type="stmt"/>
      <line num="29" count="3" type="stmt"/>
      <line num="38" count="1" type="stmt"/>
      <line num="44" count="0" type="stmt"/>
      <line num="57" count="1" type="stmt"/>
    </file>
  </project>
</coverage>
