{"E:\\React-Native\\ParkingManagment\\src\\screens\\BookedSlots.tsx": {"path":"E:\\React-Native\\ParkingManagment\\src\\screens\\BookedSlots.tsx","statementMap":{"0":{"start":{"line":22,"column":4},"end":{"line":22,"column":17}},"1":{"start":{"line":23,"column":4},"end":{"line":25,"column":6}},"2":{"start":{"line":28,"column":19},"end":{"line":40,"column":3}},"3":{"start":{"line":29,"column":22},"end":{"line":29,"column":24}},"4":{"start":{"line":30,"column":4},"end":{"line":36,"column":5}},"5":{"start":{"line":30,"column":17},"end":{"line":30,"column":18}},"6":{"start":{"line":31,"column":6},"end":{"line":35,"column":8}},"7":{"start":{"line":37,"column":4},"end":{"line":39,"column":7}},"8":{"start":{"line":43,"column":4},"end":{"line":43,"column":26}},"9":{"start":{"line":46,"column":15},"end":{"line":70,"column":3}},"10":{"start":{"line":53,"column":4},"end":{"line":69,"column":11}},"11":{"start":{"line":65,"column":10},"end":{"line":65,"column":31}},"12":{"start":{"line":72,"column":14},"end":{"line":86,"column":3}},"13":{"start":{"line":73,"column":17},"end":{"line":82,"column":6}},"14":{"start":{"line":74,"column":6},"end":{"line":80,"column":7}},"15":{"start":{"line":75,"column":8},"end":{"line":79,"column":10}},"16":{"start":{"line":81,"column":6},"end":{"line":81,"column":18}},"17":{"start":{"line":83,"column":4},"end":{"line":85,"column":7}},"18":{"start":{"line":88,"column":16},"end":{"line":90,"column":3}},"19":{"start":{"line":89,"column":4},"end":{"line":89,"column":66}},"20":{"start":{"line":92,"column":18},"end":{"line":110,"column":3}},"21":{"start":{"line":93,"column":15},"end":{"line":93,"column":55}},"22":{"start":{"line":94,"column":17},"end":{"line":103,"column":6}},"23":{"start":{"line":95,"column":6},"end":{"line":101,"column":7}},"24":{"start":{"line":96,"column":8},"end":{"line":100,"column":10}},"25":{"start":{"line":102,"column":6},"end":{"line":102,"column":18}},"26":{"start":{"line":104,"column":4},"end":{"line":109,"column":6}},"27":{"start":{"line":108,"column":12},"end":{"line":108,"column":75}},"28":{"start":{"line":113,"column":4},"end":{"line":128,"column":6}},"29":{"start":{"line":119,"column":41},"end":{"line":119,"column":57}},"30":{"start":{"line":131,"column":15},"end":{"line":156,"column":2}}},"fnMap":{"0":{"name":"(anonymous_0)","decl":{"start":{"line":21,"column":2},"end":{"line":21,"column":3}},"loc":{"start":{"line":21,"column":29},"end":{"line":26,"column":3}},"line":21},"1":{"name":"(anonymous_1)","decl":{"start":{"line":28,"column":19},"end":{"line":28,"column":20}},"loc":{"start":{"line":28,"column":25},"end":{"line":40,"column":3}},"line":28},"2":{"name":"(anonymous_2)","decl":{"start":{"line":42,"column":2},"end":{"line":42,"column":3}},"loc":{"start":{"line":42,"column":28},"end":{"line":44,"column":3}},"line":42},"3":{"name":"(anonymous_3)","decl":{"start":{"line":46,"column":15},"end":{"line":46,"column":16}},"loc":{"start":{"line":53,"column":4},"end":{"line":69,"column":11}},"line":53},"4":{"name":"(anonymous_4)","decl":{"start":{"line":64,"column":17},"end":{"line":64,"column":18}},"loc":{"start":{"line":64,"column":23},"end":{"line":66,"column":9}},"line":64},"5":{"name":"(anonymous_5)","decl":{"start":{"line":72,"column":14},"end":{"line":72,"column":15}},"loc":{"start":{"line":72,"column":76},"end":{"line":86,"column":3}},"line":72},"6":{"name":"(anonymous_6)","decl":{"start":{"line":73,"column":42},"end":{"line":73,"column":43}},"loc":{"start":{"line":73,"column":50},"end":{"line":82,"column":5}},"line":73},"7":{"name":"(anonymous_7)","decl":{"start":{"line":88,"column":16},"end":{"line":88,"column":17}},"loc":{"start":{"line":88,"column":22},"end":{"line":90,"column":3}},"line":88},"8":{"name":"(anonymous_8)","decl":{"start":{"line":92,"column":18},"end":{"line":92,"column":19}},"loc":{"start":{"line":92,"column":24},"end":{"line":110,"column":3}},"line":92},"9":{"name":"(anonymous_9)","decl":{"start":{"line":94,"column":42},"end":{"line":94,"column":43}},"loc":{"start":{"line":94,"column":50},"end":{"line":103,"column":5}},"line":94},"10":{"name":"(anonymous_10)","decl":{"start":{"line":108,"column":6},"end":{"line":108,"column":7}},"loc":{"start":{"line":108,"column":12},"end":{"line":108,"column":75}},"line":108},"11":{"name":"(anonymous_11)","decl":{"start":{"line":112,"column":2},"end":{"line":112,"column":3}},"loc":{"start":{"line":112,"column":11},"end":{"line":129,"column":3}},"line":112},"12":{"name":"(anonymous_12)","decl":{"start":{"line":119,"column":24},"end":{"line":119,"column":25}},"loc":{"start":{"line":119,"column":41},"end":{"line":119,"column":57}},"line":119}},"branchMap":{"0":{"loc":{"start":{"line":56,"column":26},"end":{"line":56,"column":61}},"type":"cond-expr","locations":[{"start":{"line":56,"column":42},"end":{"line":56,"column":51}},{"start":{"line":56,"column":54},"end":{"line":56,"column":61}}],"line":56},"1":{"loc":{"start":{"line":59,"column":9},"end":{"line":59,"column":50}},"type":"cond-expr","locations":[{"start":{"line":59,"column":25},"end":{"line":59,"column":34}},{"start":{"line":59,"column":37},"end":{"line":59,"column":50}}],"line":59},"2":{"loc":{"start":{"line":74,"column":6},"end":{"line":80,"column":7}},"type":"if","locations":[{"start":{"line":74,"column":6},"end":{"line":80,"column":7}},{"start":{},"end":{}}],"line":74},"3":{"loc":{"start":{"line":95,"column":6},"end":{"line":101,"column":7}},"type":"if","locations":[{"start":{"line":95,"column":6},"end":{"line":101,"column":7}},{"start":{},"end":{}}],"line":95}},"s":{"0":3,"1":3,"2":3,"3":3,"4":3,"5":3,"6":3,"7":3,"8":3,"9":3,"10":4,"11":1,"12":3,"13":1,"14":1,"15":1,"16":0,"17":1,"18":3,"19":0,"20":3,"21":0,"22":0,"23":0,"24":0,"25":0,"26":0,"27":0,"28":7,"29":4,"30":1},"f":{"0":3,"1":3,"2":3,"3":4,"4":1,"5":1,"6":1,"7":0,"8":0,"9":0,"10":0,"11":7,"12":4},"b":{"0":[0,4],"1":[0,4],"2":[1,0],"3":[0,0]},"_coverageSchema":"1a1c01bbd47fc00a2c39e90264f33305004495a9","hash":"c00555e654383bb04fa3b02d2aca24ff2875bff9"}
,"E:\\React-Native\\ParkingManagment\\src\\screens\\SlotsInput.tsx": {"path":"E:\\React-Native\\ParkingManagment\\src\\screens\\SlotsInput.tsx","statementMap":{"0":{"start":{"line":21,"column":4},"end":{"line":21,"column":17}},"1":{"start":{"line":22,"column":4},"end":{"line":24,"column":6}},"2":{"start":{"line":28,"column":25},"end":{"line":28,"column":35}},"3":{"start":{"line":29,"column":4},"end":{"line":58,"column":6}},"4":{"start":{"line":38,"column":31},"end":{"line":38,"column":61}},"5":{"start":{"line":44,"column":12},"end":{"line":51,"column":15}},"6":{"start":{"line":45,"column":14},"end":{"line":47,"column":17}},"7":{"start":{"line":48,"column":14},"end":{"line":50,"column":17}},"8":{"start":{"line":62,"column":15},"end":{"line":89,"column":2}}},"fnMap":{"0":{"name":"(anonymous_0)","decl":{"start":{"line":20,"column":2},"end":{"line":20,"column":3}},"loc":{"start":{"line":20,"column":28},"end":{"line":25,"column":3}},"line":20},"1":{"name":"(anonymous_1)","decl":{"start":{"line":27,"column":2},"end":{"line":27,"column":3}},"loc":{"start":{"line":27,"column":11},"end":{"line":59,"column":3}},"line":27},"2":{"name":"(anonymous_2)","decl":{"start":{"line":38,"column":24},"end":{"line":38,"column":25}},"loc":{"start":{"line":38,"column":31},"end":{"line":38,"column":61}},"line":38},"3":{"name":"(anonymous_3)","decl":{"start":{"line":43,"column":19},"end":{"line":43,"column":20}},"loc":{"start":{"line":43,"column":25},"end":{"line":52,"column":11}},"line":43},"4":{"name":"(anonymous_4)","decl":{"start":{"line":44,"column":26},"end":{"line":44,"column":27}},"loc":{"start":{"line":44,"column":32},"end":{"line":51,"column":13}},"line":44}},"branchMap":{},"s":{"0":2,"1":2,"2":3,"3":3,"4":1,"5":0,"6":0,"7":0,"8":1},"f":{"0":2,"1":3,"2":1,"3":0,"4":0},"b":{},"_coverageSchema":"1a1c01bbd47fc00a2c39e90264f33305004495a9","hash":"716a1bdb6c5ddf8bdb6cebd2f52401b6b3d5d6a1"}
}
