{"E:\\React-Native\\ParkingManagment\\src\\screens\\BookedSlots.tsx": {"path":"E:\\React-Native\\ParkingManagment\\src\\screens\\BookedSlots.tsx","statementMap":{"0":{"start":{"line":31,"column":4},"end":{"line":31,"column":17}},"1":{"start":{"line":32,"column":4},"end":{"line":35,"column":6}},"2":{"start":{"line":38,"column":19},"end":{"line":51,"column":3}},"3":{"start":{"line":39,"column":22},"end":{"line":39,"column":24}},"4":{"start":{"line":40,"column":4},"end":{"line":47,"column":5}},"5":{"start":{"line":40,"column":17},"end":{"line":40,"column":18}},"6":{"start":{"line":41,"column":6},"end":{"line":46,"column":8}},"7":{"start":{"line":48,"column":4},"end":{"line":50,"column":7}},"8":{"start":{"line":54,"column":4},"end":{"line":54,"column":26}},"9":{"start":{"line":57,"column":15},"end":{"line":83,"column":3}},"10":{"start":{"line":64,"column":4},"end":{"line":82,"column":11}},"11":{"start":{"line":76,"column":10},"end":{"line":76,"column":31}},"12":{"start":{"line":86,"column":14},"end":{"line":104,"column":3}},"13":{"start":{"line":87,"column":17},"end":{"line":97,"column":6}},"14":{"start":{"line":88,"column":6},"end":{"line":95,"column":7}},"15":{"start":{"line":89,"column":8},"end":{"line":94,"column":10}},"16":{"start":{"line":96,"column":6},"end":{"line":96,"column":18}},"17":{"start":{"line":98,"column":4},"end":{"line":103,"column":6}},"18":{"start":{"line":102,"column":12},"end":{"line":102,"column":32}},"19":{"start":{"line":107,"column":14},"end":{"line":119,"column":3}},"20":{"start":{"line":108,"column":14},"end":{"line":108,"column":22}},"21":{"start":{"line":109,"column":19},"end":{"line":109,"column":72}},"22":{"start":{"line":110,"column":22},"end":{"line":110,"column":62}},"23":{"start":{"line":111,"column":19},"end":{"line":111,"column":21}},"24":{"start":{"line":112,"column":4},"end":{"line":115,"column":5}},"25":{"start":{"line":113,"column":21},"end":{"line":113,"column":37}},"26":{"start":{"line":114,"column":6},"end":{"line":114,"column":32}},"27":{"start":{"line":116,"column":4},"end":{"line":118,"column":6}},"28":{"start":{"line":122,"column":16},"end":{"line":124,"column":3}},"29":{"start":{"line":123,"column":4},"end":{"line":123,"column":66}},"30":{"start":{"line":127,"column":18},"end":{"line":151,"column":3}},"31":{"start":{"line":128,"column":16},"end":{"line":128,"column":21}},"32":{"start":{"line":129,"column":16},"end":{"line":129,"column":18}},"33":{"start":{"line":130,"column":4},"end":{"line":134,"column":5}},"34":{"start":{"line":131,"column":6},"end":{"line":131,"column":33}},"35":{"start":{"line":132,"column":6},"end":{"line":133,"column":24}},"36":{"start":{"line":132,"column":57},"end":{"line":132,"column":66}},"37":{"start":{"line":133,"column":11},"end":{"line":133,"column":24}},"38":{"start":{"line":135,"column":15},"end":{"line":135,"column":42}},"39":{"start":{"line":136,"column":17},"end":{"line":146,"column":6}},"40":{"start":{"line":137,"column":6},"end":{"line":144,"column":7}},"41":{"start":{"line":138,"column":8},"end":{"line":143,"column":10}},"42":{"start":{"line":145,"column":6},"end":{"line":145,"column":18}},"43":{"start":{"line":147,"column":4},"end":{"line":150,"column":7}},"44":{"start":{"line":154,"column":4},"end":{"line":187,"column":6}},"45":{"start":{"line":163,"column":12},"end":{"line":163,"column":40}},"46":{"start":{"line":170,"column":41},"end":{"line":170,"column":57}},"47":{"start":{"line":176,"column":12},"end":{"line":180,"column":13}},"48":{"start":{"line":177,"column":14},"end":{"line":177,"column":66}},"49":{"start":{"line":179,"column":14},"end":{"line":179,"column":35}},"50":{"start":{"line":190,"column":15},"end":{"line":221,"column":2}}},"fnMap":{"0":{"name":"(anonymous_0)","decl":{"start":{"line":30,"column":2},"end":{"line":30,"column":3}},"loc":{"start":{"line":30,"column":29},"end":{"line":36,"column":3}},"line":30},"1":{"name":"(anonymous_1)","decl":{"start":{"line":38,"column":19},"end":{"line":38,"column":20}},"loc":{"start":{"line":38,"column":25},"end":{"line":51,"column":3}},"line":38},"2":{"name":"(anonymous_2)","decl":{"start":{"line":53,"column":2},"end":{"line":53,"column":3}},"loc":{"start":{"line":53,"column":28},"end":{"line":55,"column":3}},"line":53},"3":{"name":"(anonymous_3)","decl":{"start":{"line":57,"column":15},"end":{"line":57,"column":16}},"loc":{"start":{"line":64,"column":4},"end":{"line":82,"column":11}},"line":64},"4":{"name":"(anonymous_4)","decl":{"start":{"line":75,"column":17},"end":{"line":75,"column":18}},"loc":{"start":{"line":75,"column":23},"end":{"line":77,"column":9}},"line":75},"5":{"name":"(anonymous_5)","decl":{"start":{"line":86,"column":14},"end":{"line":86,"column":15}},"loc":{"start":{"line":86,"column":76},"end":{"line":104,"column":3}},"line":86},"6":{"name":"(anonymous_6)","decl":{"start":{"line":87,"column":42},"end":{"line":87,"column":43}},"loc":{"start":{"line":87,"column":50},"end":{"line":97,"column":5}},"line":87},"7":{"name":"(anonymous_7)","decl":{"start":{"line":102,"column":6},"end":{"line":102,"column":7}},"loc":{"start":{"line":102,"column":12},"end":{"line":102,"column":32}},"line":102},"8":{"name":"(anonymous_8)","decl":{"start":{"line":107,"column":14},"end":{"line":107,"column":15}},"loc":{"start":{"line":107,"column":76},"end":{"line":119,"column":3}},"line":107},"9":{"name":"(anonymous_9)","decl":{"start":{"line":122,"column":16},"end":{"line":122,"column":17}},"loc":{"start":{"line":122,"column":22},"end":{"line":124,"column":3}},"line":122},"10":{"name":"(anonymous_10)","decl":{"start":{"line":127,"column":18},"end":{"line":127,"column":19}},"loc":{"start":{"line":127,"column":24},"end":{"line":151,"column":3}},"line":127},"11":{"name":"(anonymous_11)","decl":{"start":{"line":136,"column":42},"end":{"line":136,"column":43}},"loc":{"start":{"line":136,"column":50},"end":{"line":146,"column":5}},"line":136},"12":{"name":"(anonymous_12)","decl":{"start":{"line":153,"column":2},"end":{"line":153,"column":3}},"loc":{"start":{"line":153,"column":11},"end":{"line":188,"column":3}},"line":153},"13":{"name":"(anonymous_13)","decl":{"start":{"line":162,"column":24},"end":{"line":162,"column":25}},"loc":{"start":{"line":162,"column":31},"end":{"line":164,"column":11}},"line":162},"14":{"name":"(anonymous_14)","decl":{"start":{"line":170,"column":24},"end":{"line":170,"column":25}},"loc":{"start":{"line":170,"column":41},"end":{"line":170,"column":57}},"line":170},"15":{"name":"(anonymous_15)","decl":{"start":{"line":175,"column":19},"end":{"line":175,"column":20}},"loc":{"start":{"line":175,"column":25},"end":{"line":181,"column":11}},"line":175}},"branchMap":{"0":{"loc":{"start":{"line":67,"column":26},"end":{"line":67,"column":61}},"type":"cond-expr","locations":[{"start":{"line":67,"column":42},"end":{"line":67,"column":51}},{"start":{"line":67,"column":54},"end":{"line":67,"column":61}}],"line":67},"1":{"loc":{"start":{"line":70,"column":9},"end":{"line":70,"column":44}},"type":"cond-expr","locations":[{"start":{"line":70,"column":20},"end":{"line":70,"column":28}},{"start":{"line":70,"column":31},"end":{"line":70,"column":44}}],"line":70},"2":{"loc":{"start":{"line":88,"column":6},"end":{"line":95,"column":7}},"type":"if","locations":[{"start":{"line":88,"column":6},"end":{"line":95,"column":7}},{"start":{},"end":{}}],"line":88},"3":{"loc":{"start":{"line":112,"column":4},"end":{"line":115,"column":5}},"type":"if","locations":[{"start":{"line":112,"column":4},"end":{"line":115,"column":5}},{"start":{},"end":{}}],"line":112},"4":{"loc":{"start":{"line":132,"column":6},"end":{"line":133,"column":24}},"type":"if","locations":[{"start":{"line":132,"column":6},"end":{"line":133,"column":24}},{"start":{"line":133,"column":11},"end":{"line":133,"column":24}}],"line":132},"5":{"loc":{"start":{"line":137,"column":6},"end":{"line":144,"column":7}},"type":"if","locations":[{"start":{"line":137,"column":6},"end":{"line":144,"column":7}},{"start":{},"end":{}}],"line":137},"6":{"loc":{"start":{"line":176,"column":12},"end":{"line":180,"column":13}},"type":"if","locations":[{"start":{"line":176,"column":12},"end":{"line":180,"column":13}},{"start":{"line":178,"column":19},"end":{"line":180,"column":13}}],"line":176}},"s":{"0":5,"1":5,"2":5,"3":5,"4":5,"5":5,"6":5,"7":5,"8":5,"9":5,"10":7,"11":1,"12":5,"13":1,"14":1,"15":1,"16":0,"17":1,"18":1,"19":5,"20":1,"21":1,"22":1,"23":1,"24":1,"25":0,"26":0,"27":1,"28":5,"29":0,"30":5,"31":0,"32":0,"33":0,"34":0,"35":0,"36":0,"37":0,"38":0,"39":0,"40":0,"41":0,"42":0,"43":0,"44":12,"45":1,"46":7,"47":1,"48":1,"49":0,"50":1},"f":{"0":5,"1":5,"2":5,"3":7,"4":1,"5":1,"6":1,"7":1,"8":1,"9":0,"10":0,"11":0,"12":12,"13":1,"14":7,"15":1},"b":{"0":[0,7],"1":[0,7],"2":[1,0],"3":[0,1],"4":[0,0],"5":[0,0],"6":[1,0]},"_coverageSchema":"1a1c01bbd47fc00a2c39e90264f33305004495a9","hash":"424aff7d749ed34361a8ffe8e75293cf3c7fbb1f"}
,"E:\\React-Native\\ParkingManagment\\src\\screens\\SlotsInput.tsx": {"path":"E:\\React-Native\\ParkingManagment\\src\\screens\\SlotsInput.tsx","statementMap":{"0":{"start":{"line":21,"column":4},"end":{"line":21,"column":17}},"1":{"start":{"line":22,"column":4},"end":{"line":24,"column":6}},"2":{"start":{"line":28,"column":25},"end":{"line":28,"column":35}},"3":{"start":{"line":29,"column":4},"end":{"line":53,"column":6}},"4":{"start":{"line":38,"column":31},"end":{"line":38,"column":61}},"5":{"start":{"line":44,"column":12},"end":{"line":46,"column":15}},"6":{"start":{"line":57,"column":15},"end":{"line":84,"column":2}}},"fnMap":{"0":{"name":"(anonymous_0)","decl":{"start":{"line":20,"column":2},"end":{"line":20,"column":3}},"loc":{"start":{"line":20,"column":28},"end":{"line":25,"column":3}},"line":20},"1":{"name":"(anonymous_1)","decl":{"start":{"line":27,"column":2},"end":{"line":27,"column":3}},"loc":{"start":{"line":27,"column":11},"end":{"line":54,"column":3}},"line":27},"2":{"name":"(anonymous_2)","decl":{"start":{"line":38,"column":24},"end":{"line":38,"column":25}},"loc":{"start":{"line":38,"column":31},"end":{"line":38,"column":61}},"line":38},"3":{"name":"(anonymous_3)","decl":{"start":{"line":43,"column":19},"end":{"line":43,"column":20}},"loc":{"start":{"line":43,"column":25},"end":{"line":47,"column":11}},"line":43}},"branchMap":{},"s":{"0":2,"1":2,"2":3,"3":3,"4":1,"5":0,"6":1},"f":{"0":2,"1":3,"2":1,"3":0},"b":{},"_coverageSchema":"1a1c01bbd47fc00a2c39e90264f33305004495a9","hash":"d44ff632f675f0266040d014a29f76271bc60778"}
}
