TN:
SF:src\screens\BookedSlots.tsx
FN:30,(anonymous_0)
FN:38,(anonymous_1)
FN:53,(anonymous_2)
FN:57,(anonymous_3)
FN:75,(anonymous_4)
FN:86,(anonymous_5)
FN:87,(anonymous_6)
FN:102,(anonymous_7)
FN:107,(anonymous_8)
FN:122,(anonymous_9)
FN:127,(anonymous_10)
FN:136,(anonymous_11)
FN:153,(anonymous_12)
FN:162,(anonymous_13)
FN:170,(anonymous_14)
FN:175,(anonymous_15)
FNF:16
FNH:13
FNDA:5,(anonymous_0)
FNDA:5,(anonymous_1)
FNDA:5,(anonymous_2)
FNDA:7,(anonymous_3)
FNDA:1,(anonymous_4)
FNDA:1,(anonymous_5)
FNDA:1,(anonymous_6)
FNDA:1,(anonymous_7)
FNDA:1,(anonymous_8)
FNDA:0,(anonymous_9)
FNDA:0,(anonymous_10)
FNDA:0,(anonymous_11)
FNDA:12,(anonymous_12)
FNDA:1,(anonymous_13)
FNDA:7,(anonymous_14)
FNDA:1,(anonymous_15)
DA:31,5
DA:32,5
DA:38,5
DA:39,5
DA:40,5
DA:41,5
DA:48,5
DA:54,5
DA:57,5
DA:64,7
DA:76,1
DA:86,5
DA:87,1
DA:88,1
DA:89,1
DA:96,0
DA:98,1
DA:102,1
DA:107,5
DA:108,1
DA:109,1
DA:110,1
DA:111,1
DA:112,1
DA:113,0
DA:114,0
DA:116,1
DA:122,5
DA:123,0
DA:127,5
DA:128,0
DA:129,0
DA:130,0
DA:131,0
DA:132,0
DA:133,0
DA:135,0
DA:136,0
DA:137,0
DA:138,0
DA:145,0
DA:147,0
DA:154,12
DA:163,1
DA:170,7
DA:176,1
DA:177,1
DA:179,0
DA:190,1
LF:49
LH:32
BRDA:67,0,0,0
BRDA:67,0,1,7
BRDA:70,1,0,0
BRDA:70,1,1,7
BRDA:88,2,0,1
BRDA:88,2,1,0
BRDA:112,3,0,0
BRDA:112,3,1,1
BRDA:132,4,0,0
BRDA:132,4,1,0
BRDA:137,5,0,0
BRDA:137,5,1,0
BRDA:176,6,0,1
BRDA:176,6,1,0
BRF:14
BRH:5
end_of_record
TN:
SF:src\screens\SlotsInput.tsx
FN:20,(anonymous_0)
FN:27,(anonymous_1)
FN:38,(anonymous_2)
FN:43,(anonymous_3)
FNF:4
FNH:3
FNDA:2,(anonymous_0)
FNDA:3,(anonymous_1)
FNDA:1,(anonymous_2)
FNDA:0,(anonymous_3)
DA:21,2
DA:22,2
DA:28,3
DA:29,3
DA:38,1
DA:44,0
DA:57,1
LF:7
LH:6
BRF:0
BRH:0
end_of_record
