TN:
SF:src\screens\BookedSlots.tsx
FN:21,(anonymous_0)
FN:28,(anonymous_1)
FN:42,(anonymous_2)
FN:46,(anonymous_3)
FN:64,(anonymous_4)
FN:72,(anonymous_5)
FN:73,(anonymous_6)
FN:88,(anonymous_7)
FN:92,(anonymous_8)
FN:94,(anonymous_9)
FN:108,(anonymous_10)
FN:112,(anonymous_11)
FN:119,(anonymous_12)
FNF:13
FNH:9
FNDA:3,(anonymous_0)
FNDA:3,(anonymous_1)
FNDA:3,(anonymous_2)
FNDA:4,(anonymous_3)
FNDA:1,(anonymous_4)
FNDA:1,(anonymous_5)
FNDA:1,(anonymous_6)
FNDA:0,(anonymous_7)
FNDA:0,(anonymous_8)
FNDA:0,(anonymous_9)
FNDA:0,(anonymous_10)
FNDA:7,(anonymous_11)
FNDA:4,(anonymous_12)
DA:22,3
DA:23,3
DA:28,3
DA:29,3
DA:30,3
DA:31,3
DA:37,3
DA:43,3
DA:46,3
DA:53,4
DA:65,1
DA:72,3
DA:73,1
DA:74,1
DA:75,1
DA:81,0
DA:83,1
DA:88,3
DA:89,0
DA:92,3
DA:93,0
DA:94,0
DA:95,0
DA:96,0
DA:102,0
DA:104,0
DA:108,0
DA:113,7
DA:119,4
DA:131,1
LF:30
LH:21
BRDA:56,0,0,0
BRDA:56,0,1,4
BRDA:59,1,0,0
BRDA:59,1,1,4
BRDA:74,2,0,1
BRDA:74,2,1,0
BRDA:95,3,0,0
BRDA:95,3,1,0
BRF:8
BRH:3
end_of_record
TN:
SF:src\screens\SlotsInput.tsx
FN:20,(anonymous_0)
FN:27,(anonymous_1)
FN:38,(anonymous_2)
FN:43,(anonymous_3)
FN:44,(anonymous_4)
FNF:5
FNH:3
FNDA:2,(anonymous_0)
FNDA:3,(anonymous_1)
FNDA:1,(anonymous_2)
FNDA:0,(anonymous_3)
FNDA:0,(anonymous_4)
DA:21,2
DA:22,2
DA:28,3
DA:29,3
DA:38,1
DA:44,0
DA:45,0
DA:48,0
DA:62,1
LF:9
LH:6
BRF:0
BRH:0
end_of_record
